app/build/outputs/logs/manifest-merger-debug-report.txt
-- Merging decision tree log ---
manifest
ADDED from src/main/AndroidManifest.xml:2:1-41:12
	package
		ADDED from src/main/AndroidManifest.xml:2:11-35
		INJECTED from src/main/AndroidManifest.xml
		INJECTED from src/main/AndroidManifest.xml
	android:versionName
		INJECTED from src/main/AndroidManifest.xml
		INJECTED from src/main/AndroidManifest.xml
	xmlns:android
		ADDED from src/main/AndroidManifest.xml:3:11-69
	android:versionCode
		INJECTED from src/main/AndroidManifest.xml
		INJECTED from src/main/AndroidManifest.xml
uses-permission#android.permission.INTERNET
ADDED from src/main/AndroidManifest.xml:5:5-66
	android:name
		ADDED from src/main/AndroidManifest.xml:5:22-64
application
ADDED from src/main/AndroidManifest.xml:6:5-39:19
MERGED from [com.android.support:design:23.4.0] AndroidManifest.xml:22:5-20
MERGED from [com.android.support:support-v4:23.4.0] AndroidManifest.xml:22:5-20
MERGED from [com.android.support:appcompat-v7:23.4.0] AndroidManifest.xml:25:5-20
MERGED from [com.android.support:animated-vector-drawable:23.4.0] AndroidManifest.xml:7:5-20
MERGED from [com.android.support:support-vector-drawable:23.4.0] AndroidManifest.xml:7:5-20
MERGED from [com.android.support:cardview-v7:23.4.0] AndroidManifest.xml:22:5-20
MERGED from [com.android.support:palette-v7:23.4.0] AndroidManifest.xml:22:5-23:19
MERGED from [com.jakewharton.timber:timber:4.1.2] AndroidManifest.xml:8:5-20
MERGED from [com.github.danylovolokh:hashtag-helper:1.1.0] AndroidManifest.xml:11:5-15:19
MERGED from [com.github.afollestad.material-dialogs:core:0.8.5.5] AndroidManifest.xml:13:5-20
	android:label
		ADDED from src/main/AndroidManifest.xml:10:9-41
	android:supportsRtl
		ADDED from src/main/AndroidManifest.xml:11:9-35
	android:allowBackup
		ADDED from src/main/AndroidManifest.xml:8:9-35
	android:icon
		ADDED from src/main/AndroidManifest.xml:9:9-43
	android:theme
		ADDED from src/main/AndroidManifest.xml:12:9-40
	android:name
		ADDED from src/main/AndroidManifest.xml:7:9-54
activity#com.stackdroid.ui.MainActivity
ADDED from src/main/AndroidManifest.xml:13:9-21:20
	android:windowSoftInputMode
		ADDED from src/main/AndroidManifest.xml:15:13-52
	android:name
		ADDED from src/main/AndroidManifest.xml:14:13-58
intent-filter#android.intent.action.MAIN+android.intent.category.LAUNCHER
ADDED from src/main/AndroidManifest.xml:16:13-20:29
action#android.intent.action.MAIN
ADDED from src/main/AndroidManifest.xml:17:17-68
	android:name
		ADDED from src/main/AndroidManifest.xml:17:25-66
category#android.intent.category.LAUNCHER
ADDED from src/main/AndroidManifest.xml:19:17-76
	android:name
		ADDED from src/main/AndroidManifest.xml:19:27-74
meta-data#Rush_db_version
ADDED from src/main/AndroidManifest.xml:23:9-25:32
	android:value
		ADDED from src/main/AndroidManifest.xml:25:13-30
	android:name
		ADDED from src/main/AndroidManifest.xml:24:13-43
meta-data#Rush_db_name
ADDED from src/main/AndroidManifest.xml:26:9-28:44
	android:value
		ADDED from src/main/AndroidManifest.xml:28:13-42
	android:name
		ADDED from src/main/AndroidManifest.xml:27:13-40
meta-data#Rush_debug
ADDED from src/main/AndroidManifest.xml:29:9-31:35
	android:value
		ADDED from src/main/AndroidManifest.xml:31:13-33
	android:name
		ADDED from src/main/AndroidManifest.xml:30:13-38
meta-data#Rush_requires_table_annotation
ADDED from src/main/AndroidManifest.xml:32:9-34:36
	android:value
		ADDED from src/main/AndroidManifest.xml:34:13-34
	android:name
		ADDED from src/main/AndroidManifest.xml:33:13-58
meta-data#Rush_log
ADDED from src/main/AndroidManifest.xml:35:9-37:35
	android:value
		ADDED from src/main/AndroidManifest.xml:37:13-33
	android:name
		ADDED from src/main/AndroidManifest.xml:36:13-36
uses-sdk
INJECTED from src/main/AndroidManifest.xml reason: use-sdk injection requested
MERGED from [com.android.support:design:23.4.0] AndroidManifest.xml:20:5-43
MERGED from [com.android.support:recyclerview-v7:23.4.0] AndroidManifest.xml:20:5-43
MERGED from [com.android.support:support-v4:23.4.0] AndroidManifest.xml:20:5-43
MERGED from [com.android.support:appcompat-v7:23.4.0] AndroidManifest.xml:21:5-23:78
MERGED from [com.android.support:animated-vector-drawable:23.4.0] AndroidManifest.xml:5:5-44
MERGED from [com.android.support:support-vector-drawable:23.4.0] AndroidManifest.xml:5:5-43
MERGED from [com.android.support:cardview-v7:23.4.0] AndroidManifest.xml:20:5-43
MERGED from [com.android.support:palette-v7:23.4.0] AndroidManifest.xml:20:5-43
MERGED from [com.jakewharton.rxbinding:rxbinding:0.4.0] AndroidManifest.xml:6:5-44
MERGED from [io.reactivex:rxandroid:1.1.0] AndroidManifest.xml:19:5-43
MERGED from [com.github.simonpercic:oklog:0.2.1] AndroidManifest.xml:8:5-10:41
MERGED from [com.github.simonpercic:oklog-core:0.2.1] AndroidManifest.xml:8:5-10:41
MERGED from [com.jakewharton.timber:timber:4.1.2] AndroidManifest.xml:6:5-44
MERGED from [net.danlew:android.joda:2.9.1] AndroidManifest.xml:6:5-43
MERGED from [com.github.danylovolokh:hashtag-helper:1.1.0] AndroidManifest.xml:7:5-9:41
MERGED from [com.github.javiersantos:MaterialStyledDialogs:1.3] AndroidManifest.xml:7:5-9:41
MERGED from [com.github.afollestad.material-dialogs:core:0.8.5.5] AndroidManifest.xml:8:5-11:75
MERGED from [me.zhanghai.android.materialprogressbar:library:1.1.4] AndroidManifest.xml:11:5-13:41
	tools:overrideLibrary
		ADDED from [com.android.support:appcompat-v7:23.4.0] AndroidManifest.xml:23:9-75
	android:targetSdkVersion
		INJECTED from src/main/AndroidManifest.xml
		INJECTED from src/main/AndroidManifest.xml
	android:minSdkVersion
		INJECTED from src/main/AndroidManifest.xml
		INJECTED from src/main/AndroidManifest.xml